mode: set
github.com/maxkobzin/bookings/cmd/web/main.go:24.13,26.16 2 0
github.com/maxkobzin/bookings/cmd/web/main.go:30.2,38.16 4 0
github.com/maxkobzin/bookings/cmd/web/main.go:26.16,28.3 1 0
github.com/maxkobzin/bookings/cmd/web/main.go:41.18,56.16 10 1
github.com/maxkobzin/bookings/cmd/web/main.go:61.2,69.12 6 1
github.com/maxkobzin/bookings/cmd/web/main.go:56.16,59.3 2 0
github.com/maxkobzin/bookings/cmd/web/middleware.go:10.45,20.2 3 1
github.com/maxkobzin/bookings/cmd/web/middleware.go:23.50,25.2 1 1
github.com/maxkobzin/bookings/cmd/web/routes.go:13.49,39.2 18 1
