mode: set
github.com/maxkobzin/bookings/internal/render/render.go:22.40,24.2 1 1
github.com/maxkobzin/bookings/internal/render/render.go:26.84,32.2 5 1
github.com/maxkobzin/bookings/internal/render/render.go:35.105,38.18 2 1
github.com/maxkobzin/bookings/internal/render/render.go:45.2,46.9 2 1
github.com/maxkobzin/bookings/internal/render/render.go:50.2,57.16 5 1
github.com/maxkobzin/bookings/internal/render/render.go:62.2,62.12 1 1
github.com/maxkobzin/bookings/internal/render/render.go:38.18,41.3 1 0
github.com/maxkobzin/bookings/internal/render/render.go:41.8,43.3 1 1
github.com/maxkobzin/bookings/internal/render/render.go:46.9,48.3 1 1
github.com/maxkobzin/bookings/internal/render/render.go:57.16,60.3 2 0
github.com/maxkobzin/bookings/internal/render/render.go:66.67,71.16 3 1
github.com/maxkobzin/bookings/internal/render/render.go:75.2,75.29 1 1
github.com/maxkobzin/bookings/internal/render/render.go:97.2,97.21 1 1
github.com/maxkobzin/bookings/internal/render/render.go:71.16,73.3 1 0
github.com/maxkobzin/bookings/internal/render/render.go:75.29,78.17 3 1
github.com/maxkobzin/bookings/internal/render/render.go:82.3,83.17 2 1
github.com/maxkobzin/bookings/internal/render/render.go:87.3,87.23 1 1
github.com/maxkobzin/bookings/internal/render/render.go:94.3,94.21 1 1
github.com/maxkobzin/bookings/internal/render/render.go:78.17,80.4 1 0
github.com/maxkobzin/bookings/internal/render/render.go:83.17,85.4 1 0
github.com/maxkobzin/bookings/internal/render/render.go:87.23,89.18 2 1
github.com/maxkobzin/bookings/internal/render/render.go:89.18,91.5 1 0
