mode: set
github.com/maxkobzin/bookings/internal/handlers/handlers.go:24.47,28.2 1 1
github.com/maxkobzin/bookings/internal/handlers/handlers.go:31.33,33.2 1 1
github.com/maxkobzin/bookings/internal/handlers/handlers.go:36.67,41.2 3 1
github.com/maxkobzin/bookings/internal/handlers/handlers.go:44.68,56.2 5 1
github.com/maxkobzin/bookings/internal/handlers/handlers.go:59.74,67.2 4 1
github.com/maxkobzin/bookings/internal/handlers/handlers.go:70.78,72.16 2 1
github.com/maxkobzin/bookings/internal/handlers/handlers.go:76.2,88.19 6 1
github.com/maxkobzin/bookings/internal/handlers/handlers.go:97.2,98.66 2 1
github.com/maxkobzin/bookings/internal/handlers/handlers.go:72.16,75.3 2 0
github.com/maxkobzin/bookings/internal/handlers/handlers.go:88.19,96.3 4 0
github.com/maxkobzin/bookings/internal/handlers/handlers.go:102.71,104.2 1 1
github.com/maxkobzin/bookings/internal/handlers/handlers.go:107.69,109.2 1 1
github.com/maxkobzin/bookings/internal/handlers/handlers.go:112.70,114.2 1 1
github.com/maxkobzin/bookings/internal/handlers/handlers.go:117.75,119.2 1 1
github.com/maxkobzin/bookings/internal/handlers/handlers.go:122.79,126.2 3 1
github.com/maxkobzin/bookings/internal/handlers/handlers.go:129.81,131.9 2 1
github.com/maxkobzin/bookings/internal/handlers/handlers.go:138.2,144.4 4 0
github.com/maxkobzin/bookings/internal/handlers/handlers.go:131.9,136.3 4 1
github.com/maxkobzin/bookings/internal/handlers/handlers.go:153.79,160.16 3 1
github.com/maxkobzin/bookings/internal/handlers/handlers.go:164.2,165.14 2 1
github.com/maxkobzin/bookings/internal/handlers/handlers.go:160.16,162.3 1 0
