mode: set
github.com/maxkobzin/bookings/internal/handlers/handlers.go:31.62,36.2 1 1
github.com/maxkobzin/bookings/internal/handlers/handlers.go:39.51,44.2 1 1
github.com/maxkobzin/bookings/internal/handlers/handlers.go:47.33,49.2 1 1
github.com/maxkobzin/bookings/internal/handlers/handlers.go:52.67,54.2 1 1
github.com/maxkobzin/bookings/internal/handlers/handlers.go:57.68,59.2 1 1
github.com/maxkobzin/bookings/internal/handlers/handlers.go:62.74,64.9 2 1
github.com/maxkobzin/bookings/internal/handlers/handlers.go:70.2,71.16 2 1
github.com/maxkobzin/bookings/internal/handlers/handlers.go:77.2,95.4 10 1
github.com/maxkobzin/bookings/internal/handlers/handlers.go:64.9,68.3 3 1
github.com/maxkobzin/bookings/internal/handlers/handlers.go:71.16,75.3 3 1
github.com/maxkobzin/bookings/internal/handlers/handlers.go:99.78,101.9 2 1
github.com/maxkobzin/bookings/internal/handlers/handlers.go:107.2,108.16 2 1
github.com/maxkobzin/bookings/internal/handlers/handlers.go:114.2,125.19 9 1
github.com/maxkobzin/bookings/internal/handlers/handlers.go:136.2,137.16 2 1
github.com/maxkobzin/bookings/internal/handlers/handlers.go:143.2,154.16 4 1
github.com/maxkobzin/bookings/internal/handlers/handlers.go:160.2,160.66 1 1
github.com/maxkobzin/bookings/internal/handlers/handlers.go:101.9,105.3 3 1
github.com/maxkobzin/bookings/internal/handlers/handlers.go:108.16,112.3 3 1
github.com/maxkobzin/bookings/internal/handlers/handlers.go:125.19,134.3 5 1
github.com/maxkobzin/bookings/internal/handlers/handlers.go:137.16,141.3 3 1
github.com/maxkobzin/bookings/internal/handlers/handlers.go:154.16,158.3 3 1
github.com/maxkobzin/bookings/internal/handlers/handlers.go:164.71,166.2 1 1
github.com/maxkobzin/bookings/internal/handlers/handlers.go:169.69,171.2 1 1
github.com/maxkobzin/bookings/internal/handlers/handlers.go:174.70,176.2 1 1
github.com/maxkobzin/bookings/internal/handlers/handlers.go:179.75,181.2 1 1
github.com/maxkobzin/bookings/internal/handlers/handlers.go:184.79,186.16 2 1
github.com/maxkobzin/bookings/internal/handlers/handlers.go:192.2,198.16 5 1
github.com/maxkobzin/bookings/internal/handlers/handlers.go:203.2,204.16 2 1
github.com/maxkobzin/bookings/internal/handlers/handlers.go:210.2,211.16 2 1
github.com/maxkobzin/bookings/internal/handlers/handlers.go:217.2,217.21 1 1
github.com/maxkobzin/bookings/internal/handlers/handlers.go:186.16,190.3 3 1
github.com/maxkobzin/bookings/internal/handlers/handlers.go:198.16,202.3 3 1
github.com/maxkobzin/bookings/internal/handlers/handlers.go:204.16,208.3 3 1
github.com/maxkobzin/bookings/internal/handlers/handlers.go:211.16,215.3 3 1
github.com/maxkobzin/bookings/internal/handlers/handlers.go:217.21,221.3 2 1
github.com/maxkobzin/bookings/internal/handlers/handlers.go:221.8,235.3 5 1
github.com/maxkobzin/bookings/internal/handlers/handlers.go:239.81,241.9 2 0
github.com/maxkobzin/bookings/internal/handlers/handlers.go:249.2,262.4 9 0
github.com/maxkobzin/bookings/internal/handlers/handlers.go:241.9,247.3 4 0
github.com/maxkobzin/bookings/internal/handlers/handlers.go:274.79,277.16 2 1
github.com/maxkobzin/bookings/internal/handlers/handlers.go:289.2,299.16 8 1
github.com/maxkobzin/bookings/internal/handlers/handlers.go:310.2,322.14 4 1
github.com/maxkobzin/bookings/internal/handlers/handlers.go:277.16,287.3 5 0
github.com/maxkobzin/bookings/internal/handlers/handlers.go:299.16,308.3 5 0
github.com/maxkobzin/bookings/internal/handlers/handlers.go:326.73,328.16 2 0
github.com/maxkobzin/bookings/internal/handlers/handlers.go:333.2,334.9 2 0
github.com/maxkobzin/bookings/internal/handlers/handlers.go:339.2,343.63 3 0
github.com/maxkobzin/bookings/internal/handlers/handlers.go:328.16,331.3 2 0
github.com/maxkobzin/bookings/internal/handlers/handlers.go:334.9,337.3 2 0
github.com/maxkobzin/bookings/internal/handlers/handlers.go:347.71,359.16 9 0
github.com/maxkobzin/bookings/internal/handlers/handlers.go:364.2,371.63 6 0
github.com/maxkobzin/bookings/internal/handlers/handlers.go:359.16,362.3 2 0
